<?xml version="1.0" encoding="UTF-8"?>
<!-- Generated by org.testng.reporters.JUnitReportReporter -->
<testsuite skipped="0" hostname="BA-000312006" name="com.telus.wnp.tests.MSS_Multiple_Activations" tests="1" failures="0" timestamp="06 Sep 2022 09:30:10 GMT" time="0.002" errors="1">
  <testcase name="BeforeMethod" time="0.002" classname="com.telus.wnp.tests.MSS_Multiple_Activations">
    <error type="java.lang.UnsupportedOperationException" message="java.io.FileNotFoundException: C:\Users\Mohd.Shahab\Documents\Latest\telus-mss-activation-automation\src\test\resources\TestData\MSS_Multiple_Activations.json (The system cannot find the file specified)">
      <![CDATA[java.lang.UnsupportedOperationException: java.io.FileNotFoundException: C:\Users\Mohd.Shahab\Documents\Latest\telus-mss-activation-automation\src\test\resources\TestData\MSS_Multiple_Activations.json (The system cannot find the file specified)
at com.test.files.interaction.ReadJSON.parse(ReadJSON.java:409)
at com.telus.wnp.utils.GenericUtils.getJSONObjectFromJSONFile(GenericUtils.java:421)
at com.telus.wnp.tests.MSS_Multiple_Activations.BeforeMethod(MSS_Multiple_Activations.java:66)
at sun.reflect.NativeMethodAccessorImpl.invoke0(Native Method)
at sun.reflect.NativeMethodAccessorImpl.invoke(NativeMethodAccessorImpl.java:62)
at sun.reflect.DelegatingMethodAccessorImpl.invoke(DelegatingMethodAccessorImpl.java:43)
at java.lang.reflect.Method.invoke(Method.java:498)
at org.testng.internal.MethodInvocationHelper.invokeMethod(MethodInvocationHelper.java:124)
at org.testng.internal.MethodInvocationHelper.invokeMethodConsideringTimeout(MethodInvocationHelper.java:59)
at org.testng.internal.Invoker.invokeConfigurationMethod(Invoker.java:458)
at org.testng.internal.Invoker.invokeConfigurations(Invoker.java:222)
at org.testng.internal.Invoker.invokeConfigurations(Invoker.java:142)
at org.testng.TestRunner.beforeRun(TestRunner.java:529)
at org.testng.TestRunner.run(TestRunner.java:497)
at org.testng.SuiteRunner.runTest(SuiteRunner.java:455)
at org.testng.SuiteRunner.runSequentially(SuiteRunner.java:450)
at org.testng.SuiteRunner.privateRun(SuiteRunner.java:415)
at org.testng.SuiteRunner.run(SuiteRunner.java:364)
at org.testng.SuiteRunnerWorker.runSuite(SuiteRunnerWorker.java:52)
at org.testng.SuiteRunnerWorker.run(SuiteRunnerWorker.java:84)
at org.testng.TestNG.runSuitesSequentially(TestNG.java:1208)
at org.testng.TestNG.runSuitesLocally(TestNG.java:1137)
at org.testng.TestNG.runSuites(TestNG.java:1049)
at org.testng.TestNG.run(TestNG.java:1017)
at org.testng.remote.AbstractRemoteTestNG.run(AbstractRemoteTestNG.java:114)
at org.testng.remote.RemoteTestNG.initAndRun(RemoteTestNG.java:251)
at org.testng.remote.RemoteTestNG.main(RemoteTestNG.java:77)
Caused by: java.io.FileNotFoundException: C:\Users\Mohd.Shahab\Documents\Latest\telus-mss-activation-automation\src\test\resources\TestData\MSS_Multiple_Activations.json (The system cannot find the file specified)
at java.io.FileInputStream.open0(Native Method)
at java.io.FileInputStream.open(FileInputStream.java:195)
at java.io.FileInputStream.<init>(FileInputStream.java:138)
at java.io.FileInputStream.<init>(FileInputStream.java:93)
at java.io.FileReader.<init>(FileReader.java:58)
at com.test.files.interaction.ReadJSON.readFileAsString(ReadJSON.java:482)
at com.test.files.interaction.ReadJSON.parse(ReadJSON.java:406)
... 26 more
]]>
    </error>
  </testcase> <!-- BeforeMethod -->
</testsuite> <!-- com.telus.wnp.tests.MSS_Multiple_Activations -->
