<?xml version="1.0" encoding="UTF-8"?>
<!-- Generated by org.testng.reporters.JUnitReportReporter -->
<testsuite skipped="0" hostname="BA-000311972" name="com.telus.wnp.tests.MSSPartnersPageTest2" tests="1" failures="1" timestamp="11 May 2022 17:23:20 GMT" time="2.973" errors="0">
  <testcase name="testMethod_MSS" time="2.973" classname="com.telus.wnp.tests.MSSPartnersPageTest2">
    <failure type="java.lang.AssertionError" message="java.lang.AssertionError: Unable to activate subscriber from MSS Portal expected [true] but found [false]">
      <![CDATA[java.lang.AssertionError: java.lang.AssertionError: Unable to activate subscriber from MSS Portal expected [true] but found [false]
at com.test.ui.actions.Validate.assertTrue(Validate.java:1911)
at com.test.ui.actions.Validate.assertTrue(Validate.java:1924)
at com.telus.wnp.steps.MSSPartnersPageSteps.performActivationFromMSSMulti(MSSPartnersPageSteps.java:125)
at com.telus.wnp.tests.MSSPartnersPageTest2.testMethod_MSS(MSSPartnersPageTest2.java:68)
at sun.reflect.NativeMethodAccessorImpl.invoke0(Native Method)
at sun.reflect.NativeMethodAccessorImpl.invoke(NativeMethodAccessorImpl.java:62)
at sun.reflect.DelegatingMethodAccessorImpl.invoke(DelegatingMethodAccessorImpl.java:43)
at java.lang.reflect.Method.invoke(Method.java:498)
at org.testng.internal.MethodInvocationHelper.invokeMethod(MethodInvocationHelper.java:124)
at org.testng.internal.Invoker.invokeMethod(Invoker.java:583)
at org.testng.internal.Invoker.invokeTestMethod(Invoker.java:719)
at org.testng.internal.Invoker.invokeTestMethods(Invoker.java:989)
at org.testng.internal.TestMethodWorker.invokeTestMethods(TestMethodWorker.java:125)
at org.testng.internal.TestMethodWorker.run(TestMethodWorker.java:109)
at java.util.concurrent.ThreadPoolExecutor.runWorker(ThreadPoolExecutor.java:1149)
at java.util.concurrent.ThreadPoolExecutor$Worker.run(ThreadPoolExecutor.java:624)
at java.lang.Thread.run(Thread.java:748)
Caused by: java.lang.AssertionError: Unable to activate subscriber from MSS Portal expected [true] but found [false]
at org.testng.Assert.fail(Assert.java:96)
at org.testng.Assert.failNotEquals(Assert.java:776)
at org.testng.Assert.assertTrue(Assert.java:44)
at com.test.ui.actions.Validate.assertTrue(Validate.java:1907)
... 16 more
]]>
    </failure>
  </testcase> <!-- testMethod_MSS -->
</testsuite> <!-- com.telus.wnp.tests.MSSPartnersPageTest2 -->
